# JRE version: OpenJDK Runtime Environment (11.0.15) (build 11.0.15+0-b2043.56-9505619)
# Java VM: OpenJDK 64-Bit Server VM (11.0.15+0-b2043.56-9505619, mixed mode, tiered, compressed oops, g1 gc, windows-amd64)
Heap:
 garbage-first heap   total 189440K, used 174805K [0x0000000080000000, 0x0000000100000000)
  region size 1024K, 42 young (43008K), 9 survivors (9216K)
 Metaspace       used 96636K, capacity 99391K, committed 99632K, reserved 1134592K
  class space    used 12512K, capacity 13579K, committed 13696K, reserved 1048576K
GC Heap History (20 events):
Event: 16.595 GC heap before
{Heap before GC invocations=16 (full 0):
 garbage-first heap   total 157696K, used 108020K [0x0000000080000000, 0x0000000100000000)
  region size 1024K, 55 young (56320K), 4 survivors (4096K)
 Metaspace       used 68169K, capacity 69815K, committed 69936K, reserved 1110016K
  class space    used 8629K, capacity 9283K, committed 9344K, reserved 1048576K
}
Event: 16.609 GC heap after
{Heap after GC invocations=17 (full 0):
 garbage-first heap   total 157696K, used 53026K [0x0000000080000000, 0x0000000100000000)
  region size 1024K, 7 young (7168K), 7 survivors (7168K)
 Metaspace       used 68169K, capacity 69815K, committed 69936K, reserved 1110016K
  class space    used 8629K, capacity 9283K, committed 9344K, reserved 1048576K
}
Event: 17.397 GC heap before
{Heap before GC invocations=17 (full 0):
 garbage-first heap   total 157696K, used 108322K [0x0000000080000000, 0x0000000100000000)
  region size 1024K, 60 young (61440K), 7 survivors (7168K)
 Metaspace       used 70388K, capacity 72179K, committed 72368K, reserved 1112064K
  class space    used 8955K, capacity 9633K, committed 9728K, reserved 1048576K
}
Event: 17.410 GC heap after
{Heap after GC invocations=18 (full 0):
 garbage-first heap   total 157696K, used 56654K [0x0000000080000000, 0x0000000100000000)
  region size 1024K, 4 young (4096K), 4 survivors (4096K)
 Metaspace       used 70388K, capacity 72179K, committed 72368K, reserved 1112064K
  class space    used 8955K, capacity 9633K, committed 9728K, reserved 1048576K
}
Event: 18.480 GC heap before
{Heap before GC invocations=18 (full 0):
 garbage-first heap   total 157696K, used 110926K [0x0000000080000000, 0x0000000100000000)
  region size 1024K, 57 young (58368K), 4 survivors (4096K)
 Metaspace       used 74853K, capacity 76722K, committed 76976K, reserved 1116160K
  class space    used 9701K, capacity 10396K, committed 10496K, reserved 1048576K
}
Event: 18.489 GC heap after
{Heap after GC invocations=19 (full 0):
 garbage-first heap   total 157696K, used 59534K [0x0000000080000000, 0x0000000100000000)
  region size 1024K, 7 young (7168K), 7 survivors (7168K)
 Metaspace       used 74853K, capacity 76722K, committed 76976K, reserved 1116160K
  class space    used 9701K, capacity 10396K, committed 10496K, reserved 1048576K
}
Event: 19.112 GC heap before
{Heap before GC invocations=19 (full 0):
 garbage-first heap   total 157696K, used 114830K [0x0000000080000000, 0x0000000100000000)
  region size 1024K, 61 young (62464K), 7 survivors (7168K)
 Metaspace       used 77093K, capacity 78983K, committed 79024K, reserved 1118208K
  class space    used 10037K, capacity 10734K, committed 10752K, reserved 1048576K
}
Event: 19.129 GC heap after
{Heap after GC invocations=20 (full 0):
 garbage-first heap   total 157696K, used 63754K [0x0000000080000000, 0x0000000100000000)
  region size 1024K, 7 young (7168K), 7 survivors (7168K)
 Metaspace       used 77093K, capacity 78983K, committed 79024K, reserved 1118208K
  class space    used 10037K, capacity 10734K, committed 10752K, reserved 1048576K
}
Event: 20.167 GC heap before
{Heap before GC invocations=20 (full 0):
 garbage-first heap   total 157696K, used 118026K [0x0000000080000000, 0x0000000100000000)
  region size 1024K, 60 young (61440K), 7 survivors (7168K)
 Metaspace       used 81504K, capacity 83524K, committed 83632K, reserved 1122304K
  class space    used 10712K, capacity 11459K, committed 11520K, reserved 1048576K
}
Event: 20.182 GC heap after
{Heap after GC invocations=21 (full 0):
 garbage-first heap   total 189440K, used 66809K [0x0000000080000000, 0x0000000100000000)
  region size 1024K, 7 young (7168K), 7 survivors (7168K)
 Metaspace       used 81504K, capacity 83524K, committed 83632K, reserved 1122304K
  class space    used 10712K, capacity 11459K, committed 11520K, reserved 1048576K
}
Event: 21.294 GC heap before
{Heap before GC invocations=21 (full 0):
 garbage-first heap   total 189440K, used 133369K [0x0000000080000000, 0x0000000100000000)
  region size 1024K, 72 young (73728K), 7 survivors (7168K)
 Metaspace       used 85761K, capacity 87966K, committed 88112K, reserved 1126400K
  class space    used 11218K, capacity 12052K, committed 12160K, reserved 1048576K
}
Event: 21.309 GC heap after
{Heap after GC invocations=22 (full 0):
 garbage-first heap   total 189440K, used 72620K [0x0000000080000000, 0x0000000100000000)
  region size 1024K, 9 young (9216K), 9 survivors (9216K)
 Metaspace       used 85761K, capacity 87966K, committed 88112K, reserved 1126400K
  class space    used 11218K, capacity 12052K, committed 12160K, reserved 1048576K
}
Event: 22.898 GC heap before
{Heap before GC invocations=22 (full 0):
 garbage-first heap   total 189440K, used 138156K [0x0000000080000000, 0x0000000100000000)
  region size 1024K, 73 young (74752K), 9 survivors (9216K)
 Metaspace       used 88249K, capacity 90647K, committed 90800K, reserved 1128448K
  class space    used 11611K, capacity 12497K, committed 12544K, reserved 1048576K
}
Event: 22.918 GC heap after
{Heap after GC invocations=23 (full 0):
 garbage-first heap   total 189440K, used 81587K [0x0000000080000000, 0x0000000100000000)
  region size 1024K, 9 young (9216K), 9 survivors (9216K)
 Metaspace       used 88249K, capacity 90647K, committed 90800K, reserved 1128448K
  class space    used 11611K, capacity 12497K, committed 12544K, reserved 1048576K
}
Event: 24.276 GC heap before
{Heap before GC invocations=23 (full 0):
 garbage-first heap   total 189440K, used 143027K [0x0000000080000000, 0x0000000100000000)
  region size 1024K, 70 young (71680K), 9 survivors (9216K)
 Metaspace       used 89264K, capacity 91761K, committed 91952K, reserved 1128448K
  class space    used 11702K, capacity 12634K, committed 12672K, reserved 1048576K
}
Event: 24.291 GC heap after
{Heap after GC invocations=24 (full 0):
 garbage-first heap   total 189440K, used 85720K [0x0000000080000000, 0x0000000100000000)
  region size 1024K, 5 young (5120K), 5 survivors (5120K)
 Metaspace       used 89264K, capacity 91761K, committed 91952K, reserved 1128448K
  class space    used 11702K, capacity 12634K, committed 12672K, reserved 1048576K
}
Event: 25.603 GC heap before
{Heap before GC invocations=24 (full 0):
 garbage-first heap   total 189440K, used 149208K [0x0000000080000000, 0x0000000100000000)
  region size 1024K, 65 young (66560K), 5 survivors (5120K)
 Metaspace       used 92450K, capacity 95050K, committed 95152K, reserved 1132544K
  class space    used 12066K, capacity 13032K, committed 13056K, reserved 1048576K
}
Event: 25.617 GC heap after
{Heap after GC invocations=25 (full 0):
 garbage-first heap   total 189440K, used 91864K [0x0000000080000000, 0x0000000100000000)
  region size 1024K, 8 young (8192K), 8 survivors (8192K)
 Metaspace       used 92450K, capacity 95050K, committed 95152K, reserved 1132544K
  class space    used 12066K, capacity 13032K, committed 13056K, reserved 1048576K
}
Event: 26.483 GC heap before
{Heap before GC invocations=25 (full 0):
 garbage-first heap   total 189440K, used 143064K [0x0000000080000000, 0x0000000100000000)
  region size 1024K, 59 young (60416K), 8 survivors (8192K)
 Metaspace       used 93870K, capacity 96495K, committed 96688K, reserved 1132544K
  class space    used 12211K, capacity 13193K, committed 13312K, reserved 1048576K
}
Event: 26.583 GC heap after
{Heap after GC invocations=26 (full 0):
 garbage-first heap   total 189440K, used 115413K [0x0000000080000000, 0x0000000100000000)
  region size 1024K, 9 young (9216K), 9 survivors (9216K)
 Metaspace       used 93870K, capacity 96495K, committed 96688K, reserved 1132544K
  class space    used 12211K, capacity 13193K, committed 13312K, reserved 1048576K
}

