# JRE version: OpenJDK Runtime Environment (11.0.15) (build 11.0.15+0-b2043.56-9505619)
# Java VM: OpenJDK 64-Bit Server VM (11.0.15+0-b2043.56-9505619, mixed mode, tiered, compressed oops, g1 gc, windows-amd64)
Heap:
 garbage-first heap   total 778240K, used 365039K [0x0000000080000000, 0x0000000100000000)
  region size 1024K, 4 young (4096K), 4 survivors (4096K)
 Metaspace       used 126855K, capacity 130803K, committed 130972K, reserved 1163264K
  class space    used 15894K, capacity 17304K, committed 17432K, reserved 1048576K
GC Heap History (20 events):
Event: 159.867 GC heap after
{Heap after GC invocations=73 (full 0):
 garbage-first heap   total 377856K, used 311296K [0x0000000080000000, 0x0000000100000000)
  region size 1024K, 6 young (6144K), 6 survivors (6144K)
 Metaspace       used 122616K, capacity 126528K, committed 126748K, reserved 1159168K
  class space    used 15312K, capacity 16711K, committed 16792K, reserved 1048576K
}
Event: 160.360 GC heap before
{Heap before GC invocations=73 (full 0):
 garbage-first heap   total 377856K, used 305152K [0x0000000080000000, 0x0000000100000000)
  region size 1024K, 23 young (23552K), 6 survivors (6144K)
 Metaspace       used 123931K, capacity 127800K, committed 127900K, reserved 1161216K
  class space    used 15494K, capacity 16880K, committed 16920K, reserved 1048576K
}
Event: 160.367 GC heap after
{Heap after GC invocations=74 (full 0):
 garbage-first heap   total 377856K, used 291809K [0x0000000080000000, 0x0000000100000000)
  region size 1024K, 3 young (3072K), 3 survivors (3072K)
 Metaspace       used 123931K, capacity 127800K, committed 127900K, reserved 1161216K
  class space    used 15494K, capacity 16880K, committed 16920K, reserved 1048576K
}
Event: 160.723 GC heap before
{Heap before GC invocations=75 (full 0):
 garbage-first heap   total 377856K, used 346081K [0x0000000080000000, 0x0000000100000000)
  region size 1024K, 34 young (34816K), 3 survivors (3072K)
 Metaspace       used 125488K, capacity 129370K, committed 129436K, reserved 1161216K
  class space    used 15719K, capacity 17129K, committed 17176K, reserved 1048576K
}
Event: 160.732 GC heap after
{Heap after GC invocations=76 (full 0):
 garbage-first heap   total 377856K, used 308507K [0x0000000080000000, 0x0000000100000000)
  region size 1024K, 5 young (5120K), 5 survivors (5120K)
 Metaspace       used 125488K, capacity 129370K, committed 129436K, reserved 1161216K
  class space    used 15719K, capacity 17129K, committed 17176K, reserved 1048576K
}
Event: 160.757 GC heap before
{Heap before GC invocations=76 (full 0):
 garbage-first heap   total 377856K, used 346395K [0x0000000080000000, 0x0000000100000000)
  region size 1024K, 18 young (18432K), 5 survivors (5120K)
 Metaspace       used 125492K, capacity 129370K, committed 129436K, reserved 1161216K
  class space    used 15719K, capacity 17129K, committed 17176K, reserved 1048576K
}
Event: 160.771 GC heap after
{Heap after GC invocations=77 (full 0):
 garbage-first heap   total 377856K, used 292031K [0x0000000080000000, 0x0000000100000000)
  region size 1024K, 3 young (3072K), 3 survivors (3072K)
 Metaspace       used 125492K, capacity 129370K, committed 129436K, reserved 1161216K
  class space    used 15719K, capacity 17129K, committed 17176K, reserved 1048576K
}
Event: 161.113 GC heap before
{Heap before GC invocations=77 (full 0):
 garbage-first heap   total 377856K, used 334015K [0x0000000080000000, 0x0000000100000000)
  region size 1024K, 32 young (32768K), 3 survivors (3072K)
 Metaspace       used 125843K, capacity 129794K, committed 130076K, reserved 1163264K
  class space    used 15763K, capacity 17163K, committed 17304K, reserved 1048576K
}
Event: 161.129 GC heap after
{Heap after GC invocations=78 (full 0):
 garbage-first heap   total 377856K, used 306465K [0x0000000080000000, 0x0000000100000000)
  region size 1024K, 4 young (4096K), 4 survivors (4096K)
 Metaspace       used 125843K, capacity 129794K, committed 130076K, reserved 1163264K
  class space    used 15763K, capacity 17163K, committed 17304K, reserved 1048576K
}
Event: 161.229 GC heap before
{Heap before GC invocations=78 (full 0):
 garbage-first heap   total 377856K, used 323873K [0x0000000080000000, 0x0000000100000000)
  region size 1024K, 22 young (22528K), 4 survivors (4096K)
 Metaspace       used 125865K, capacity 129801K, committed 130076K, reserved 1163264K
  class space    used 15765K, capacity 17165K, committed 17304K, reserved 1048576K
}
Event: 161.247 GC heap after
{Heap after GC invocations=79 (full 0):
 garbage-first heap   total 377856K, used 312584K [0x0000000080000000, 0x0000000100000000)
  region size 1024K, 3 young (3072K), 3 survivors (3072K)
 Metaspace       used 125865K, capacity 129801K, committed 130076K, reserved 1163264K
  class space    used 15765K, capacity 17165K, committed 17304K, reserved 1048576K
}
Event: 161.339 GC heap before
{Heap before GC invocations=79 (full 0):
 garbage-first heap   total 377856K, used 327944K [0x0000000080000000, 0x0000000100000000)
  region size 1024K, 18 young (18432K), 3 survivors (3072K)
 Metaspace       used 125885K, capacity 129804K, committed 130076K, reserved 1163264K
  class space    used 15766K, capacity 17166K, committed 17304K, reserved 1048576K
}
Event: 161.359 GC heap after
{Heap after GC invocations=80 (full 0):
 garbage-first heap   total 447488K, used 317440K [0x0000000080000000, 0x0000000100000000)
  region size 1024K, 3 young (3072K), 3 survivors (3072K)
 Metaspace       used 125885K, capacity 129804K, committed 130076K, reserved 1163264K
  class space    used 15766K, capacity 17166K, committed 17304K, reserved 1048576K
}
Event: 161.724 GC heap before
{Heap before GC invocations=80 (full 0):
 garbage-first heap   total 447488K, used 354304K [0x0000000080000000, 0x0000000100000000)
  region size 1024K, 38 young (38912K), 3 survivors (3072K)
 Metaspace       used 126344K, capacity 130204K, committed 130332K, reserved 1163264K
  class space    used 15814K, capacity 17206K, committed 17304K, reserved 1048576K
}
Event: 161.813 GC heap after
{Heap after GC invocations=81 (full 0):
 garbage-first heap   total 447488K, used 330166K [0x0000000080000000, 0x0000000100000000)
  region size 1024K, 5 young (5120K), 5 survivors (5120K)
 Metaspace       used 126344K, capacity 130204K, committed 130332K, reserved 1163264K
  class space    used 15814K, capacity 17206K, committed 17304K, reserved 1048576K
}
Event: 162.287 GC heap before
{Heap before GC invocations=81 (full 0):
 garbage-first heap   total 447488K, used 362934K [0x0000000080000000, 0x0000000100000000)
  region size 1024K, 37 young (37888K), 5 survivors (5120K)
 Metaspace       used 126395K, capacity 130321K, committed 130588K, reserved 1163264K
  class space    used 15824K, capacity 17247K, committed 17304K, reserved 1048576K
}
Event: 162.322 GC heap after
{Heap after GC invocations=82 (full 0):
 garbage-first heap   total 447488K, used 340640K [0x0000000080000000, 0x0000000100000000)
  region size 1024K, 5 young (5120K), 5 survivors (5120K)
 Metaspace       used 126395K, capacity 130321K, committed 130588K, reserved 1163264K
  class space    used 15824K, capacity 17247K, committed 17304K, reserved 1048576K
}
Event: 162.520 GC heap before
{Heap before GC invocations=82 (full 0):
 garbage-first heap   total 447488K, used 373408K [0x0000000080000000, 0x0000000100000000)
  region size 1024K, 34 young (34816K), 5 survivors (5120K)
 Metaspace       used 126424K, capacity 130321K, committed 130588K, reserved 1163264K
  class space    used 15826K, capacity 17247K, committed 17304K, reserved 1048576K
}
Event: 162.556 GC heap after
{Heap after GC invocations=83 (full 0):
 garbage-first heap   total 447488K, used 356352K [0x0000000080000000, 0x0000000100000000)
  region size 1024K, 5 young (5120K), 5 survivors (5120K)
 Metaspace       used 126424K, capacity 130321K, committed 130588K, reserved 1163264K
  class space    used 15826K, capacity 17247K, committed 17304K, reserved 1048576K
}
Event: 162.778 GC heap before
{Heap before GC invocations=83 (full 0):
 garbage-first heap   total 447488K, used 379904K [0x0000000080000000, 0x0000000100000000)
  region size 1024K, 28 young (28672K), 5 survivors (5120K)
 Metaspace       used 126855K, capacity 130803K, committed 130972K, reserved 1163264K
  class space    used 15894K, capacity 17304K, committed 17432K, reserved 1048576K
}

