# JRE version: OpenJDK Runtime Environment (11.0.15) (build 11.0.15+0-b2043.56-9505619)
# Java VM: OpenJDK 64-Bit Server VM (11.0.15+0-b2043.56-9505619, mixed mode, tiered, compressed oops, g1 gc, windows-amd64)
Heap:
 garbage-first heap   total 835584K, used 359341K [0x0000000080000000, 0x0000000100000000)
  region size 1024K, 6 young (6144K), 6 survivors (6144K)
 Metaspace       used 130616K, capacity 134372K, committed 134480K, reserved 1165312K
  class space    used 16373K, capacity 17820K, committed 17920K, reserved 1048576K
GC Heap History (20 events):
Event: 2697.939 GC heap after
{Heap after GC invocations=87 (full 0):
 garbage-first heap   total 293888K, used 245247K [0x0000000080000000, 0x0000000100000000)
  region size 1024K, 2 young (2048K), 2 survivors (2048K)
 Metaspace       used 130082K, capacity 133759K, committed 134096K, reserved 1165312K
  class space    used 16303K, capacity 17687K, committed 17792K, reserved 1048576K
}
Event: 2698.145 GC heap before
{Heap before GC invocations=88 (full 0):
 garbage-first heap   total 293888K, used 257535K [0x0000000080000000, 0x0000000100000000)
  region size 1024K, 14 young (14336K), 2 survivors (2048K)
 Metaspace       used 130091K, capacity 133760K, committed 134096K, reserved 1165312K
  class space    used 16303K, capacity 17687K, committed 17792K, reserved 1048576K
}
Event: 2698.166 GC heap after
{Heap after GC invocations=89 (full 0):
 garbage-first heap   total 375808K, used 252300K [0x0000000080000000, 0x0000000100000000)
  region size 1024K, 2 young (2048K), 2 survivors (2048K)
 Metaspace       used 130091K, capacity 133760K, committed 134096K, reserved 1165312K
  class space    used 16303K, capacity 17687K, committed 17792K, reserved 1048576K
}
Event: 2698.276 GC heap before
{Heap before GC invocations=89 (full 0):
 garbage-first heap   total 375808K, used 268684K [0x0000000080000000, 0x0000000100000000)
  region size 1024K, 18 young (18432K), 2 survivors (2048K)
 Metaspace       used 130094K, capacity 133761K, committed 134096K, reserved 1165312K
  class space    used 16303K, capacity 17687K, committed 17792K, reserved 1048576K
}
Event: 2698.303 GC heap after
{Heap after GC invocations=90 (full 0):
 garbage-first heap   total 375808K, used 253905K [0x0000000080000000, 0x0000000100000000)
  region size 1024K, 3 young (3072K), 3 survivors (3072K)
 Metaspace       used 130094K, capacity 133761K, committed 134096K, reserved 1165312K
  class space    used 16303K, capacity 17687K, committed 17792K, reserved 1048576K
}
Event: 2698.870 GC heap before
{Heap before GC invocations=90 (full 0):
 garbage-first heap   total 375808K, used 287697K [0x0000000080000000, 0x0000000100000000)
  region size 1024K, 37 young (37888K), 3 survivors (3072K)
 Metaspace       used 130094K, capacity 133761K, committed 134096K, reserved 1165312K
  class space    used 16303K, capacity 17687K, committed 17792K, reserved 1048576K
}
Event: 2698.907 GC heap after
{Heap after GC invocations=91 (full 0):
 garbage-first heap   total 375808K, used 271777K [0x0000000080000000, 0x0000000100000000)
  region size 1024K, 5 young (5120K), 5 survivors (5120K)
 Metaspace       used 130094K, capacity 133761K, committed 134096K, reserved 1165312K
  class space    used 16303K, capacity 17687K, committed 17792K, reserved 1048576K
}
Event: 2699.201 GC heap before
{Heap before GC invocations=91 (full 0):
 garbage-first heap   total 375808K, used 298401K [0x0000000080000000, 0x0000000100000000)
  region size 1024K, 32 young (32768K), 5 survivors (5120K)
 Metaspace       used 130095K, capacity 133761K, committed 134096K, reserved 1165312K
  class space    used 16303K, capacity 17687K, committed 17792K, reserved 1048576K
}
Event: 2699.229 GC heap after
{Heap after GC invocations=92 (full 0):
 garbage-first heap   total 375808K, used 286720K [0x0000000080000000, 0x0000000100000000)
  region size 1024K, 4 young (4096K), 4 survivors (4096K)
 Metaspace       used 130095K, capacity 133761K, committed 134096K, reserved 1165312K
  class space    used 16303K, capacity 17687K, committed 17792K, reserved 1048576K
}
Event: 2699.365 GC heap before
{Heap before GC invocations=92 (full 0):
 garbage-first heap   total 375808K, used 309248K [0x0000000080000000, 0x0000000100000000)
  region size 1024K, 26 young (26624K), 4 survivors (4096K)
 Metaspace       used 130096K, capacity 133761K, committed 134096K, reserved 1165312K
  class space    used 16303K, capacity 17687K, committed 17792K, reserved 1048576K
}
Event: 2699.389 GC heap after
{Heap after GC invocations=93 (full 0):
 garbage-first heap   total 375808K, used 298496K [0x0000000080000000, 0x0000000100000000)
  region size 1024K, 4 young (4096K), 4 survivors (4096K)
 Metaspace       used 130096K, capacity 133761K, committed 134096K, reserved 1165312K
  class space    used 16303K, capacity 17687K, committed 17792K, reserved 1048576K
}
Event: 2699.486 GC heap before
{Heap before GC invocations=93 (full 0):
 garbage-first heap   total 375808K, used 314880K [0x0000000080000000, 0x0000000100000000)
  region size 1024K, 21 young (21504K), 4 survivors (4096K)
 Metaspace       used 130097K, capacity 133761K, committed 134096K, reserved 1165312K
  class space    used 16303K, capacity 17687K, committed 17792K, reserved 1048576K
}
Event: 2699.587 GC heap after
{Heap after GC invocations=94 (full 0):
 garbage-first heap   total 505856K, used 307712K [0x0000000080000000, 0x0000000100000000)
  region size 1024K, 3 young (3072K), 3 survivors (3072K)
 Metaspace       used 130097K, capacity 133761K, committed 134096K, reserved 1165312K
  class space    used 16303K, capacity 17687K, committed 17792K, reserved 1048576K
}
Event: 2701.511 GC heap before
{Heap before GC invocations=95 (full 0):
 garbage-first heap   total 505856K, used 359936K [0x0000000080000000, 0x0000000100000000)
  region size 1024K, 55 young (56320K), 3 survivors (3072K)
 Metaspace       used 130100K, capacity 133753K, committed 134096K, reserved 1165312K
  class space    used 16301K, capacity 17684K, committed 17792K, reserved 1048576K
}
Event: 2701.582 GC heap after
{Heap after GC invocations=96 (full 0):
 garbage-first heap   total 505856K, used 334836K [0x0000000080000000, 0x0000000100000000)
  region size 1024K, 7 young (7168K), 7 survivors (7168K)
 Metaspace       used 130100K, capacity 133753K, committed 134096K, reserved 1165312K
  class space    used 16301K, capacity 17684K, committed 17792K, reserved 1048576K
}
Event: 2701.917 GC heap before
{Heap before GC invocations=96 (full 0):
 garbage-first heap   total 505856K, used 351220K [0x0000000080000000, 0x0000000100000000)
  region size 1024K, 24 young (24576K), 7 survivors (7168K)
 Metaspace       used 130100K, capacity 133753K, committed 134096K, reserved 1165312K
  class space    used 16301K, capacity 17684K, committed 17792K, reserved 1048576K
}
Event: 2702.003 GC heap after
{Heap after GC invocations=97 (full 0):
 garbage-first heap   total 505856K, used 344064K [0x0000000080000000, 0x0000000100000000)
  region size 1024K, 3 young (3072K), 3 survivors (3072K)
 Metaspace       used 130100K, capacity 133753K, committed 134096K, reserved 1165312K
  class space    used 16301K, capacity 17684K, committed 17792K, reserved 1048576K
}
Event: 2703.777 GC heap before
{Heap before GC invocations=97 (full 0):
 garbage-first heap   total 505856K, used 387072K [0x0000000080000000, 0x0000000100000000)
  region size 1024K, 45 young (46080K), 3 survivors (3072K)
 Metaspace       used 130222K, capacity 133863K, committed 134096K, reserved 1165312K
  class space    used 16314K, capacity 17720K, committed 17792K, reserved 1048576K
}
Event: 2703.805 GC heap after
{Heap after GC invocations=98 (full 0):
 garbage-first heap   total 505856K, used 352768K [0x0000000080000000, 0x0000000100000000)
  region size 1024K, 6 young (6144K), 6 survivors (6144K)
 Metaspace       used 130222K, capacity 133863K, committed 134096K, reserved 1165312K
  class space    used 16314K, capacity 17720K, committed 17792K, reserved 1048576K
}
Event: 2705.501 GC heap before
{Heap before GC invocations=98 (full 0):
 garbage-first heap   total 505856K, used 394752K [0x0000000080000000, 0x0000000100000000)
  region size 1024K, 48 young (49152K), 6 survivors (6144K)
 Metaspace       used 130616K, capacity 134372K, committed 134480K, reserved 1165312K
  class space    used 16373K, capacity 17820K, committed 17920K, reserved 1048576K
}

