# JRE version: OpenJDK Runtime Environment (11.0.15) (build 11.0.15+0-b2043.56-9505619)
# Java VM: OpenJDK 64-Bit Server VM (11.0.15+0-b2043.56-9505619, mixed mode, tiered, compressed oops, g1 gc, windows-amd64)
Heap:
 garbage-first heap   total 189440K, used 109449K [0x0000000080000000, 0x0000000100000000)
  region size 1024K, 53 young (54272K), 8 survivors (8192K)
 Metaspace       used 79613K, capacity 81606K, committed 81756K, reserved 1120256K
  class space    used 10454K, capacity 11205K, committed 11288K, reserved 1048576K
GC Heap History (20 events):
Event: 4.738 GC heap before
{Heap before GC invocations=4 (full 0):
 garbage-first heap   total 131072K, used 45611K [0x0000000080000000, 0x0000000100000000)
  region size 1024K, 36 young (36864K), 6 survivors (6144K)
 Metaspace       used 20808K, capacity 21199K, committed 21296K, reserved 1069056K
  class space    used 2525K, capacity 2685K, committed 2688K, reserved 1048576K
}
Event: 4.747 GC heap after
{Heap after GC invocations=5 (full 0):
 garbage-first heap   total 131072K, used 17747K [0x0000000080000000, 0x0000000100000000)
  region size 1024K, 2 young (2048K), 2 survivors (2048K)
 Metaspace       used 20808K, capacity 21199K, committed 21296K, reserved 1069056K
  class space    used 2525K, capacity 2685K, committed 2688K, reserved 1048576K
}
Event: 5.600 GC heap before
{Heap before GC invocations=6 (full 0):
 garbage-first heap   total 131072K, used 66899K [0x0000000080000000, 0x0000000100000000)
  region size 1024K, 50 young (51200K), 2 survivors (2048K)
 Metaspace       used 25906K, capacity 26477K, committed 26620K, reserved 1073152K
  class space    used 3353K, capacity 3581K, committed 3660K, reserved 1048576K
}
Event: 5.608 GC heap after
{Heap after GC invocations=7 (full 0):
 garbage-first heap   total 157696K, used 19386K [0x0000000080000000, 0x0000000100000000)
  region size 1024K, 3 young (3072K), 3 survivors (3072K)
 Metaspace       used 25906K, capacity 26477K, committed 26620K, reserved 1073152K
  class space    used 3353K, capacity 3581K, committed 3660K, reserved 1048576K
}
Event: 7.300 GC heap before
{Heap before GC invocations=7 (full 0):
 garbage-first heap   total 157696K, used 94138K [0x0000000080000000, 0x0000000100000000)
  region size 1024K, 77 young (78848K), 3 survivors (3072K)
 Metaspace       used 35071K, capacity 35965K, committed 36048K, reserved 1081344K
  class space    used 4567K, capacity 4921K, committed 4940K, reserved 1048576K
}
Event: 7.314 GC heap after
{Heap after GC invocations=8 (full 0):
 garbage-first heap   total 157696K, used 23086K [0x0000000080000000, 0x0000000100000000)
  region size 1024K, 7 young (7168K), 7 survivors (7168K)
 Metaspace       used 35071K, capacity 35965K, committed 36048K, reserved 1081344K
  class space    used 4567K, capacity 4921K, committed 4940K, reserved 1048576K
}
Event: 9.130 GC heap before
{Heap before GC invocations=9 (full 0):
 garbage-first heap   total 157696K, used 107054K [0x0000000080000000, 0x0000000100000000)
  region size 1024K, 86 young (88064K), 7 survivors (7168K)
 Metaspace       used 42099K, capacity 43127K, committed 43292K, reserved 1087488K
  class space    used 5358K, capacity 5744K, committed 5784K, reserved 1048576K
}
Event: 9.151 GC heap after
{Heap after GC invocations=10 (full 0):
 garbage-first heap   total 157696K, used 29253K [0x0000000080000000, 0x0000000100000000)
  region size 1024K, 11 young (11264K), 11 survivors (11264K)
 Metaspace       used 42099K, capacity 43127K, committed 43292K, reserved 1087488K
  class space    used 5358K, capacity 5744K, committed 5784K, reserved 1048576K
}
Event: 10.899 GC heap before
{Heap before GC invocations=11 (full 0):
 garbage-first heap   total 157696K, used 112197K [0x0000000080000000, 0x0000000100000000)
  region size 1024K, 92 young (94208K), 11 survivors (11264K)
 Metaspace       used 48799K, capacity 50095K, committed 50460K, reserved 1093632K
  class space    used 6220K, capacity 6695K, committed 6808K, reserved 1048576K
}
Event: 10.918 GC heap after
{Heap after GC invocations=12 (full 0):
 garbage-first heap   total 157696K, used 33488K [0x0000000080000000, 0x0000000100000000)
  region size 1024K, 10 young (10240K), 10 survivors (10240K)
 Metaspace       used 48799K, capacity 50095K, committed 50460K, reserved 1093632K
  class space    used 6220K, capacity 6695K, committed 6808K, reserved 1048576K
}
Event: 12.838 GC heap before
{Heap before GC invocations=12 (full 0):
 garbage-first heap   total 157696K, used 119504K [0x0000000080000000, 0x0000000100000000)
  region size 1024K, 91 young (93184K), 10 survivors (10240K)
 Metaspace       used 56102K, capacity 57584K, committed 57756K, reserved 1099776K
  class space    used 7064K, capacity 7612K, committed 7704K, reserved 1048576K
}
Event: 12.858 GC heap after
{Heap after GC invocations=13 (full 0):
 garbage-first heap   total 157696K, used 44032K [0x0000000080000000, 0x0000000100000000)
  region size 1024K, 12 young (12288K), 12 survivors (12288K)
 Metaspace       used 56102K, capacity 57584K, committed 57756K, reserved 1099776K
  class space    used 7064K, capacity 7612K, committed 7704K, reserved 1048576K
}
Event: 14.502 GC heap before
{Heap before GC invocations=13 (full 0):
 garbage-first heap   total 157696K, used 125952K [0x0000000080000000, 0x0000000100000000)
  region size 1024K, 85 young (87040K), 12 survivors (12288K)
 Metaspace       used 63194K, capacity 64796K, committed 64924K, reserved 1105920K
  class space    used 7983K, capacity 8624K, committed 8728K, reserved 1048576K
}
Event: 14.522 GC heap after
{Heap after GC invocations=14 (full 0):
 garbage-first heap   total 189440K, used 51477K [0x0000000080000000, 0x0000000100000000)
  region size 1024K, 8 young (8192K), 8 survivors (8192K)
 Metaspace       used 63194K, capacity 64796K, committed 64924K, reserved 1105920K
  class space    used 7983K, capacity 8624K, committed 8728K, reserved 1048576K
}
Event: 15.797 GC heap before
{Heap before GC invocations=14 (full 0):
 garbage-first heap   total 189440K, used 135445K [0x0000000080000000, 0x0000000100000000)
  region size 1024K, 89 young (91136K), 8 survivors (8192K)
 Metaspace       used 66716K, capacity 68419K, committed 68764K, reserved 1110016K
  class space    used 8471K, capacity 9138K, committed 9240K, reserved 1048576K
}
Event: 15.811 GC heap after
{Heap after GC invocations=15 (full 0):
 garbage-first heap   total 189440K, used 56683K [0x0000000080000000, 0x0000000100000000)
  region size 1024K, 6 young (6144K), 6 survivors (6144K)
 Metaspace       used 66716K, capacity 68419K, committed 68764K, reserved 1110016K
  class space    used 8471K, capacity 9138K, committed 9240K, reserved 1048576K
}
Event: 16.778 GC heap before
{Heap before GC invocations=15 (full 0):
 garbage-first heap   total 189440K, used 90475K [0x0000000080000000, 0x0000000100000000)
  region size 1024K, 40 young (40960K), 6 survivors (6144K)
 Metaspace       used 70877K, capacity 72652K, committed 72796K, reserved 1112064K
  class space    used 9201K, capacity 9902K, committed 10008K, reserved 1048576K
}
Event: 16.789 GC heap after
{Heap after GC invocations=16 (full 0):
 garbage-first heap   total 189440K, used 58645K [0x0000000080000000, 0x0000000100000000)
  region size 1024K, 8 young (8192K), 8 survivors (8192K)
 Metaspace       used 70877K, capacity 72652K, committed 72796K, reserved 1112064K
  class space    used 9201K, capacity 9902K, committed 10008K, reserved 1048576K
}
Event: 18.134 GC heap before
{Heap before GC invocations=17 (full 0):
 garbage-first heap   total 189440K, used 141589K [0x0000000080000000, 0x0000000100000000)
  region size 1024K, 89 young (91136K), 8 survivors (8192K)
 Metaspace       used 74995K, capacity 76914K, committed 77020K, reserved 1116160K
  class space    used 9833K, capacity 10556K, committed 10648K, reserved 1048576K
}
Event: 18.163 GC heap after
{Heap after GC invocations=18 (full 0):
 garbage-first heap   total 189440K, used 64393K [0x0000000080000000, 0x0000000100000000)
  region size 1024K, 8 young (8192K), 8 survivors (8192K)
 Metaspace       used 74995K, capacity 76914K, committed 77020K, reserved 1116160K
  class space    used 9833K, capacity 10556K, committed 10648K, reserved 1048576K
}

