# JRE version: OpenJDK Runtime Environment (11.0.15) (build 11.0.15+0-b2043.56-9505619)
# Java VM: OpenJDK 64-Bit Server VM (11.0.15+0-b2043.56-9505619, mixed mode, tiered, compressed oops, g1 gc, windows-amd64)
Heap:
 garbage-first heap   total 189440K, used 65175K [0x0000000080000000, 0x0000000100000000)
  region size 1024K, 4 young (4096K), 4 survivors (4096K)
 Metaspace       used 76030K, capacity 78002K, committed 78236K, reserved 1116160K
  class space    used 10011K, capacity 10749K, committed 10776K, reserved 1048576K
GC Heap History (20 events):
Event: 7.174 GC heap after
{Heap after GC invocations=7 (full 0):
 garbage-first heap   total 131072K, used 22331K [0x0000000080000000, 0x0000000100000000)
  region size 1024K, 6 young (6144K), 6 survivors (6144K)
 Metaspace       used 33379K, capacity 34244K, committed 34556K, reserved 1079296K
  class space    used 4467K, capacity 4816K, committed 4940K, reserved 1048576K
}
Event: 7.352 GC heap before
{Heap before GC invocations=7 (full 0):
 garbage-first heap   total 131072K, used 27451K [0x0000000080000000, 0x0000000100000000)
  region size 1024K, 12 young (12288K), 6 survivors (6144K)
 Metaspace       used 35069K, capacity 35965K, committed 36048K, reserved 1081344K
  class space    used 4566K, capacity 4921K, committed 4940K, reserved 1048576K
}
Event: 7.362 GC heap after
{Heap after GC invocations=8 (full 0):
 garbage-first heap   total 131072K, used 23799K [0x0000000080000000, 0x0000000100000000)
  region size 1024K, 6 young (6144K), 6 survivors (6144K)
 Metaspace       used 35069K, capacity 35965K, committed 36048K, reserved 1081344K
  class space    used 4566K, capacity 4921K, committed 4940K, reserved 1048576K
}
Event: 8.385 GC heap before
{Heap before GC invocations=9 (full 0):
 garbage-first heap   total 131072K, used 84215K [0x0000000080000000, 0x0000000100000000)
  region size 1024K, 63 young (64512K), 6 survivors (6144K)
 Metaspace       used 40689K, capacity 41695K, committed 41884K, reserved 1085440K
  class space    used 5139K, capacity 5523K, committed 5656K, reserved 1048576K
}
Event: 8.406 GC heap after
{Heap after GC invocations=10 (full 0):
 garbage-first heap   total 131072K, used 28388K [0x0000000080000000, 0x0000000100000000)
  region size 1024K, 8 young (8192K), 8 survivors (8192K)
 Metaspace       used 40689K, capacity 41695K, committed 41884K, reserved 1085440K
  class space    used 5139K, capacity 5523K, committed 5656K, reserved 1048576K
}
Event: 9.527 GC heap before
{Heap before GC invocations=11 (full 0):
 garbage-first heap   total 131072K, used 87780K [0x0000000080000000, 0x0000000100000000)
  region size 1024K, 65 young (66560K), 8 survivors (8192K)
 Metaspace       used 45626K, capacity 46738K, committed 46876K, reserved 1089536K
  class space    used 5792K, capacity 6190K, committed 6296K, reserved 1048576K
}
Event: 9.541 GC heap after
{Heap after GC invocations=12 (full 0):
 garbage-first heap   total 131072K, used 32181K [0x0000000080000000, 0x0000000100000000)
  region size 1024K, 4 young (4096K), 4 survivors (4096K)
 Metaspace       used 45626K, capacity 46738K, committed 46876K, reserved 1089536K
  class space    used 5792K, capacity 6190K, committed 6296K, reserved 1048576K
}
Event: 10.708 GC heap before
{Heap before GC invocations=12 (full 0):
 garbage-first heap   total 131072K, used 90549K [0x0000000080000000, 0x0000000100000000)
  region size 1024K, 61 young (62464K), 4 survivors (4096K)
 Metaspace       used 49162K, capacity 50473K, committed 50716K, reserved 1093632K
  class space    used 6262K, capacity 6755K, committed 6808K, reserved 1048576K
}
Event: 10.717 GC heap after
{Heap after GC invocations=13 (full 0):
 garbage-first heap   total 157696K, used 33704K [0x0000000080000000, 0x0000000100000000)
  region size 1024K, 6 young (6144K), 6 survivors (6144K)
 Metaspace       used 49162K, capacity 50473K, committed 50716K, reserved 1093632K
  class space    used 6262K, capacity 6755K, committed 6808K, reserved 1048576K
}
Event: 12.260 GC heap before
{Heap before GC invocations=13 (full 0):
 garbage-first heap   total 157696K, used 107432K [0x0000000080000000, 0x0000000100000000)
  region size 1024K, 76 young (77824K), 6 survivors (6144K)
 Metaspace       used 56000K, capacity 57455K, committed 57756K, reserved 1099776K
  class space    used 7060K, capacity 7590K, committed 7704K, reserved 1048576K
}
Event: 12.273 GC heap after
{Heap after GC invocations=14 (full 0):
 garbage-first heap   total 157696K, used 44582K [0x0000000080000000, 0x0000000100000000)
  region size 1024K, 10 young (10240K), 10 survivors (10240K)
 Metaspace       used 56000K, capacity 57455K, committed 57756K, reserved 1099776K
  class space    used 7060K, capacity 7590K, committed 7704K, reserved 1048576K
}
Event: 13.898 GC heap before
{Heap before GC invocations=14 (full 0):
 garbage-first heap   total 157696K, used 119334K [0x0000000080000000, 0x0000000100000000)
  region size 1024K, 76 young (77824K), 10 survivors (10240K)
 Metaspace       used 62943K, capacity 64667K, committed 64924K, reserved 1105920K
  class space    used 7952K, capacity 8603K, committed 8728K, reserved 1048576K
}
Event: 13.914 GC heap after
{Heap after GC invocations=15 (full 0):
 garbage-first heap   total 157696K, used 50964K [0x0000000080000000, 0x0000000100000000)
  region size 1024K, 6 young (6144K), 6 survivors (6144K)
 Metaspace       used 62943K, capacity 64667K, committed 64924K, reserved 1105920K
  class space    used 7952K, capacity 8603K, committed 8728K, reserved 1048576K
}
Event: 14.838 GC heap before
{Heap before GC invocations=15 (full 0):
 garbage-first heap   total 157696K, used 116500K [0x0000000080000000, 0x0000000100000000)
  region size 1024K, 69 young (70656K), 6 survivors (6144K)
 Metaspace       used 65429K, capacity 67282K, committed 67612K, reserved 1107968K
  class space    used 8313K, capacity 9017K, committed 9112K, reserved 1048576K
}
Event: 14.850 GC heap after
{Heap after GC invocations=16 (full 0):
 garbage-first heap   total 157696K, used 55957K [0x0000000080000000, 0x0000000100000000)
  region size 1024K, 5 young (5120K), 5 survivors (5120K)
 Metaspace       used 65429K, capacity 67282K, committed 67612K, reserved 1107968K
  class space    used 8313K, capacity 9017K, committed 9112K, reserved 1048576K
}
Event: 15.474 GC heap before
{Heap before GC invocations=16 (full 0):
 garbage-first heap   total 157696K, used 91797K [0x0000000080000000, 0x0000000100000000)
  region size 1024K, 41 young (41984K), 5 survivors (5120K)
 Metaspace       used 67916K, capacity 69667K, committed 69808K, reserved 1110016K
  class space    used 8682K, capacity 9341K, committed 9368K, reserved 1048576K
}
Event: 15.487 GC heap after
{Heap after GC invocations=17 (full 0):
 garbage-first heap   total 157696K, used 57855K [0x0000000080000000, 0x0000000100000000)
  region size 1024K, 7 young (7168K), 7 survivors (7168K)
 Metaspace       used 67916K, capacity 69667K, committed 69808K, reserved 1110016K
  class space    used 8682K, capacity 9341K, committed 9368K, reserved 1048576K
}
Event: 16.573 GC heap before
{Heap before GC invocations=18 (full 0):
 garbage-first heap   total 157696K, used 118271K [0x0000000080000000, 0x0000000100000000)
  region size 1024K, 66 young (67584K), 7 survivors (7168K)
 Metaspace       used 71954K, capacity 73791K, committed 74012K, reserved 1114112K
  class space    used 9380K, capacity 10064K, committed 10136K, reserved 1048576K
}
Event: 16.590 GC heap after
{Heap after GC invocations=19 (full 0):
 garbage-first heap   total 157696K, used 62176K [0x0000000080000000, 0x0000000100000000)
  region size 1024K, 7 young (7168K), 7 survivors (7168K)
 Metaspace       used 71954K, capacity 73791K, committed 74012K, reserved 1114112K
  class space    used 9380K, capacity 10064K, committed 10136K, reserved 1048576K
}
Event: 17.560 GC heap before
{Heap before GC invocations=20 (full 0):
 garbage-first heap   total 157696K, used 120544K [0x0000000080000000, 0x0000000100000000)
  region size 1024K, 64 young (65536K), 7 survivors (7168K)
 Metaspace       used 76030K, capacity 78002K, committed 78236K, reserved 1116160K
  class space    used 10011K, capacity 10749K, committed 10776K, reserved 1048576K
}

